2019-05-11T17:51:29.736686756Z, can0, {"id":"0x5f0", "length":8, "data":"00 53 09 3E 09 3E 0D F0 "}
2019-05-11T17:51:29.877939137Z, can0, {"id":"0x5f1", "length":8, "data":"00 6F 00 09 8C 8C 01 01 "}
2019-05-11T17:51:29.878803175Z, can0, {"id":"0x5f2", "length":8, "data":"03 AE 02 3E 02 2E 03 7A "}
2019-05-11T17:51:29.879084952Z, can0, {"id":"0x5f3", "length":8, "data":"00 20 00 86 00 82 00 82 "}
2019-05-11T17:51:29.879241444Z, can0, {"id":"0x5f4", "length":8, "data":"00 00 03 E8 03 E8 04 00 "}
2019-05-11T17:51:29.879664797Z, can0, {"id":"0x5f5", "length":8, "data":"00 6D 00 00 00 64 04 04 "}
2019-05-11T17:51:29.879839496Z, can0, {"id":"0x5f6", "length":8, "data":"00 72 02 8D 02 8D 00 00 "}
2019-05-11T17:51:29.879982405Z, can0, {"id":"0x5f7", "length":8, "data":"00 11 FF CF 00 18 01 16 "}
2019-05-11T17:51:29.880129439Z, can0, {"id":"0x5f8", "length":8, "data":"00 00 02 3E 00 64 00 00 "}
2019-05-11T17:51:29.880270973Z, can0, {"id":"0x5f9", "length":8, "data":"00 AE 00 AE 00 2F 00 00 "}
2019-05-11T17:51:29.880409383Z, can0, {"id":"0x5fa", "length":8, "data":"88 00 00 00 00 00 00 00 "}
2019-05-11T17:51:29.702055656Z, gpsd, {"class":"DEVICES","devices":[{"class":"DEVICE","path":"/dev/ttyO4","activated":"2019-05-11T17:51:29.538Z","native":0,"bps":9600,"parity":"N","stopbits":1,"cycle":1.00},{"class":"DEVICE","path":"/dev/pps0","driver":"PPS","activated":"2019-05-11T17:51:29.602Z"}]}
2019-05-11T17:51:29.884855025Z, gpsd, {"class":"WATCH","enable":true,"json":true,"nmea":false,"raw":0,"scaled":false,"timing":false,"split24":false,"pps":false}
2019-05-11T17:51:29.88054825Z, can0, {"id":"0x5fb", "length":8, "data":"00 00 02 3E 00 00 02 2E "}
2019-05-11T17:51:29.885399954Z, can0, {"id":"0x5fc", "length":8, "data":"00 00 00 00 00 00 02 2E "}
2019-05-11T17:51:29.890619055Z, can0, {"id":"0x5fd", "length":8, "data":"00 00 00 00 00 00 00 00 "}
2019-05-11T17:51:29.890991828Z, can0, {"id":"0x5fe", "length":8, "data":"00 00 00 00 00 00 00 00 "}
2019-05-11T17:51:29.891307519Z, can0, {"id":"0x5ff", "length":8, "data":"00 03 00 4B 00 00 00 00 "}
2019-05-11T17:51:29.891500009Z, can0, {"id":"0x601", "length":8, "data":"00 00 00 00 00 00 00 00 "}
2019-05-11T17:51:29.89392634Z, can0, {"id":"0x602", "length":8, "data":"09 3E 09 3E 00 00 00 00 "}
2019-05-11T17:51:29.897459447Z, can0, {"id":"0x60a", "length":8, "data":"00 00 00 00 00 00 00 00 "}
2019-05-11T17:51:29.897725641Z, can0, {"id":"0x60b", "length":8, "data":"00 00 00 00 00 00 00 00 "}
2019-05-11T17:51:29.897883591Z, can0, {"id":"0x60c", "length":8, "data":"00 00 03 C6 02 3E 02 3E "}
2019-05-11T17:51:29.898031417Z, can0, {"id":"0x60d", "length":8, "data":"00 64 00 64 00 00 00 00 "}
2019-05-11T17:51:29.899376721Z, can0, {"id":"0x61b", "length":8, "data":"02 02 00 00 00 00 00 D6 "}
2019-05-11T17:51:29.899676747Z, can0, {"id":"0x61e", "length":8, "data":"00 00 00 00 00 00 00 00 "}
2019-05-11T17:51:29.899841822Z, can0, {"id":"0x61f", "length":8, "data":"00 00 00 00 00 00 00 00 "}
2019-05-11T17:51:29.899991897Z, can0, {"id":"0x623", "length":8, "data":"00 D3 D3 00 00 00 04 00 "}
2019-05-11T17:51:29.900136265Z, can0, {"id":"0x624", "length":8, "data":"00 00 00 00 00 00 00 00 "}
2019-05-11T17:51:29.900276341Z, can0, {"id":"0x627", "length":8, "data":"04 73 00 00 00 00 00 00 "}
2019-05-11T17:51:29.900415542Z, can0, {"id":"0x629", "length":8, "data":"00 5E 00 00 00 00 00 00 "}
2019-05-11T17:51:29.900654112Z, can0, {"id":"0x62a", "length":8, "data":"00 5E 00 00 00 00 00 00 "}
2019-05-11T17:51:29.90082677Z, can0, {"id":"0x62b", "length":8, "data":"00 00 00 00 00 00 04 B1 "}
2019-05-11T17:51:29.900976887Z, can0, {"id":"0x5f0", "length":8, "data":"00 53 09 48 09 48 0D FE "}
2019-05-11T17:51:29.90111688Z, can0, {"id":"0x5f1", "length":8, "data":"00 6F 00 09 8C 8C 01 01 "}
2019-05-11T17:51:29.90133391Z, can0, {"id":"0x5f2", "length":8, "data":"03 AE 02 34 02 29 03 7A "}
2019-05-11T17:51:29.901476153Z, can0, {"id":"0x5f3", "length":8, "data":"00 1F 00 86 00 82 00 82 "}
2019-05-11T17:51:29.90161277Z, can0, {"id":"0x5f4", "length":8, "data":"00 00 03 E8 03 E8 04 01 "}
2019-05-11T17:51:29.901750388Z, can0, {"id":"0x5f5", "length":8, "data":"00 6D 00 00 00 64 04 04 "}
2019-05-11T17:51:29.901887631Z, can0, {"id":"0x5f6", "length":8, "data":"00 72 02 98 02 98 00 00 "}
2019-05-11T17:51:29.902023749Z, can0, {"id":"0x5f7", "length":8, "data":"00 11 FF D7 FF C7 00 F5 "}
2019-05-11T17:51:29.918882364Z, can0, {"id":"0x5f8", "length":8, "data":"00 00 02 34 00 64 00 00 "}
2019-05-11T17:51:29.921836626Z, can0, {"id":"0x5f9", "length":8, "data":"00 AF 00 AF 00 2F 00 00 "}
2019-05-11T17:51:29.924484154Z, can0, {"id":"0x5fa", "length":8, "data":"88 00 00 00 00 00 00 00 "}
2019-05-11T17:51:29.924832719Z, can0, {"id":"0x5fb", "length":8, "data":"00 00 02 34 00 00 02 29 "}
2019-05-11T17:51:29.926822156Z, can0, {"id":"0x5fc", "length":8, "data":"00 00 00 00 00 00 02 29 "}
2019-05-11T17:51:29.92701498Z, can0, {"id":"0x5fd", "length":8, "data":"00 00 00 00 00 00 00 00 "}
2019-05-11T17:51:29.927187304Z, can0, {"id":"0x5fe", "length":8, "data":"00 00 00 00 00 00 00 00 "}
2019-05-11T17:51:29.927332338Z, can0, {"id":"0x5ff", "length":8, "data":"00 03 00 4B 00 00 00 00 "}
2019-05-11T17:51:29.927604574Z, can0, {"id":"0x601", "length":8, "data":"00 00 00 00 00 00 00 00 "}
2019-05-11T17:51:29.92780748Z, can0, {"id":"0x602", "length":8, "data":"09 48 09 48 00 00 00 00 "}
2019-05-11T17:51:29.927957388Z, can0, {"id":"0x60a", "length":8, "data":"00 00 00 00 00 00 00 00 "}
2019-05-11T17:51:29.928141629Z, can0, {"id":"0x60b", "length":8, "data":"00 00 00 00 00 00 00 00 "}
2019-05-11T17:51:29.92831237Z, can0, {"id":"0x60c", "length":8, "data":"00 00 03 C6 02 34 02 34 "}
2019-05-11T17:51:29.938678493Z, can0, {"id":"0x60d", "length":8, "data":"00 64 00 64 00 00 00 00 "}
2019-05-11T17:51:29.939041182Z, can0, {"id":"0x61b", "length":8, "data":"02 02 00 00 00 00 00 F9 "}
2019-05-11T17:51:29.939317126Z, can0, {"id":"0x61e", "length":8, "data":"00 00 00 00 00 00 00 00 "}
2019-05-11T17:51:29.939495325Z, can0, {"id":"0x61f", "length":8, "data":"00 00 00 00 00 00 00 00 "}
2019-05-11T17:51:29.939642609Z, can0, {"id":"0x623", "length":8, "data":"00 D3 D3 00 00 00 24 00 "}
2019-05-11T17:51:29.939787018Z, can0, {"id":"0x624", "length":8, "data":"00 00 00 00 00 00 00 00 "}
2019-05-11T17:51:29.939926677Z, can0, {"id":"0x627", "length":8, "data":"04 7B 00 00 00 00 00 00 "}
2019-05-11T17:51:29.940063545Z, can0, {"id":"0x629", "length":8, "data":"00 5E 00 00 00 00 00 00 "}
2019-05-11T17:51:29.94025466Z, can0, {"id":"0x62a", "length":8, "data":"00 5E 00 00 00 00 00 00 "}
2019-05-11T17:51:29.940433776Z, can0, {"id":"0x62b", "length":8, "data":"00 00 00 00 00 00 04 B1 "}
2019-05-11T17:51:29.94668074Z, can0, {"id":"0x5f0", "length":8, "data":"00 53 09 48 09 48 0E 37 "}
2019-05-11T17:51:29.946956725Z, can0, {"id":"0x5f1", "length":8, "data":"00 6F 00 09 8C 8C 01 01 "}
2019-05-11T17:51:29.947112884Z, can0, {"id":"0x5f2", "length":8, "data":"03 AE 02 39 02 29 03 7A "}
2019-05-11T17:51:29.947302915Z, can0, {"id":"0x5f3", "length":8, "data":"00 20 00 86 00 82 00 82 "}
2019-05-11T17:51:29.94746474Z, can0, {"id":"0x5f4", "length":8, "data":"00 00 03 E8 03 E8 04 01 "}
2019-05-11T17:51:29.947696145Z, can0, {"id":"0x5f5", "length":8, "data":"00 6D 00 00 00 64 04 04 "}
2019-05-11T17:51:29.94788601Z, can0, {"id":"0x5f6", "length":8, "data":"00 72 02 A5 02 A5 00 00 "}
2019-05-11T17:51:29.94803871Z, can0, {"id":"0x5f7", "length":8, "data":"00 11 FF EB 00 1F 00 DC "}
2019-05-11T17:51:29.948319987Z, can0, {"id":"0x5f8", "length":8, "data":"00 00 02 39 00 64 00 00 "}
2019-05-11T17:51:29.948514852Z, can0, {"id":"0x5f9", "length":8, "data":"00 AF 00 AF 00 2F 00 00 "}
2019-05-11T17:51:29.950895393Z, can0, {"id":"0x5fa", "length":8, "data":"88 00 00 00 00 00 00 00 "}
2019-05-11T17:51:29.951131423Z, can0, {"id":"0x5fb", "length":8, "data":"00 00 02 39 00 00 02 29 "}
2019-05-11T17:51:29.951336162Z, can0, {"id":"0x5fc", "length":8, "data":"00 00 00 00 00 00 02 29 "}
2019-05-11T17:51:29.951530027Z, can0, {"id":"0x5fd", "length":8, "data":"00 00 00 00 00 00 00 00 "}
2019-05-11T17:51:29.951801138Z, can0, {"id":"0x5fe", "length":8, "data":"00 00 00 00 00 00 00 00 "}
2019-05-11T17:51:29.952000085Z, can0, {"id":"0x5ff", "length":8, "data":"00 03 00 4B 00 00 00 00 "}
2019-05-11T17:51:29.952150203Z, can0, {"id":"0x601", "length":8, "data":"00 00 00 00 00 00 00 00 "}
2019-05-11T17:51:29.95232136Z, can0, {"id":"0x602", "length":8, "data":"09 48 09 48 00 00 00 00 "}
2019-05-11T17:51:29.952463811Z, can0, {"id":"0x60a", "length":8, "data":"00 00 00 00 00 00 00 00 "}
2019-05-11T17:51:29.959028008Z, can0, {"id":"0x60b", "length":8, "data":"00 00 00 00 00 00 00 00 "}
2019-05-11T17:51:29.959277204Z, can0, {"id":"0x60c", "length":8, "data":"00 00 03 C6 02 39 02 39 "}
2019-05-11T17:51:29.959434612Z, can0, {"id":"0x60d", "length":8, "data":"00 64 00 64 00 00 00 00 "}
2019-05-11T17:51:29.959579688Z, can0, {"id":"0x61b", "length":8, "data":"02 02 00 00 00 00 00 02 "}
2019-05-11T17:51:29.959719806Z, can0, {"id":"0x61e", "length":8, "data":"00 00 00 00 00 00 00 00 "}
2019-05-11T17:51:29.959905129Z, can0, {"id":"0x61f", "length":8, "data":"00 00 00 00 00 00 00 00 "}
2019-05-11T17:51:29.960057288Z, can0, {"id":"0x623", "length":8, "data":"08 D3 D3 00 08 00 05 00 "}
2019-05-11T17:51:29.968160696Z, can0, {"id":"0x624", "length":8, "data":"00 00 00 00 00 00 00 00 "}
2019-05-11T17:51:29.968599215Z, can0, {"id":"0x627", "length":8, "data":"04 AD 00 00 00 00 00 00 "}
2019-05-11T17:51:29.968776872Z, can0, {"id":"0x629", "length":8, "data":"00 5E 00 00 00 00 00 00 "}
2019-05-11T17:51:29.968967987Z, can0, {"id":"0x62a", "length":8, "data":"00 5E 00 00 00 00 00 00 "}
2019-05-11T17:51:29.969269555Z, can0, {"id":"0x62b", "length":8, "data":"00 00 00 00 00 00 04 B1 "}
2019-05-11T17:51:29.969488501Z, can0, {"id":"0x5f0", "length":8, "data":"00 53 09 6A 09 6A 0E 41 "}
2019-05-11T17:51:29.969643452Z, can0, {"id":"0x5f1", "length":8, "data":"00 6F 03 09 8C 8C 01 01 "}
2019-05-11T17:51:29.969820484Z, can0, {"id":"0x5f2", "length":8, "data":"03 AE 02 2E 02 29 03 7A "}
2019-05-11T17:51:29.969965476Z, can0, {"id":"0x5f3", "length":8, "data":"00 1E 00 86 00 82 00 82 "}
2019-05-11T17:51:29.979527683Z, can0, {"id":"0x5f4", "length":8, "data":"00 00 03 E8 03 E8 04 01 "}
2019-05-11T17:51:29.979895164Z, can0, {"id":"0x5f5", "length":8, "data":"00 6D 00 00 00 64 04 04 "}
2019-05-11T17:51:29.980071571Z, can0, {"id":"0x5f6", "length":8, "data":"00 72 02 A1 02 A1 00 00 "}
2019-05-11T17:51:29.980218189Z, can0, {"id":"0x5f7", "length":8, "data":"00 11 FF DE 00 20 00 C7 "}
2019-05-11T17:51:29.980365514Z, can0, {"id":"0x5f8", "length":8, "data":"00 00 02 33 00 64 00 00 "}
2019-05-11T17:51:29.986022384Z, can0, {"id":"0x5f9", "length":8, "data":"00 AF 00 AF 00 2F 00 00 "}
2019-05-11T17:51:29.994090502Z, can0, {"id":"0x5fa", "length":8, "data":"88 00 00 00 00 00 00 00 "}
2019-05-11T17:51:30.003558797Z, can0, {"id":"0x5fb", "length":8, "data":"00 00 02 33 00 00 02 29 "}
2019-05-11T17:51:30.004115893Z, can0, {"id":"0x5fc", "length":8, "data":"00 00 00 00 00 00 02 29 "}
2019-05-11T17:51:30.004642282Z, can0, {"id":"0x5fd", "length":8, "data":"00 00 00 00 00 00 00 00 "}
2019-05-11T17:51:30.004857688Z, can0, {"id":"0x5fe", "length":8, "data":"00 00 00 00 00 00 00 00 "}
2019-05-11T17:51:30.005021512Z, can0, {"id":"0x5ff", "length":8, "data":"00 03 00 4B 00 00 00 00 "}
2019-05-11T17:51:30.005181171Z, can0, {"id":"0x601", "length":8, "data":"00 00 00 00 00 00 00 00 "}
2019-05-11T17:51:30.005322872Z, can0, {"id":"0x602", "length":8, "data":"09 4C 09 4C 00 00 00 00 "}
2019-05-11T17:51:30.005461698Z, can0, {"id":"0x60a", "length":8, "data":"00 00 00 00 00 00 00 00 "}
2019-05-11T17:51:30.00559994Z, can0, {"id":"0x60b", "length":8, "data":"00 00 00 00 00 00 00 00 "}
2019-05-11T17:51:30.005739183Z, can0, {"id":"0x60c", "length":8, "data":"00 00 03 C6 02 33 02 33 "}
2019-05-11T17:51:30.005879551Z, can0, {"id":"0x60d", "length":8, "data":"00 64 00 64 00 00 00 00 "}
2019-05-11T17:51:30.006015169Z, can0, {"id":"0x61b", "length":8, "data":"02 02 00 00 00 00 00 00 "}
2019-05-11T17:51:30.006151495Z, can0, {"id":"0x61e", "length":8, "data":"00 00 00 00 00 00 00 00 "}
2019-05-11T17:51:30.011194814Z, can0, {"id":"0x61f", "length":8, "data":"00 00 00 00 00 00 00 00 "}
2019-05-11T17:51:30.011522505Z, can0, {"id":"0x623", "length":8, "data":"08 D3 D3 00 08 00 05 00 "}
2019-05-11T17:51:30.011711245Z, can0, {"id":"0x624", "length":8, "data":"00 00 00 00 00 00 00 00 "}
2019-05-11T17:51:30.011899527Z, can0, {"id":"0x627", "length":8, "data":"04 4E 00 00 00 00 00 00 "}
2019-05-11T17:51:30.012048185Z, can0, {"id":"0x629", "length":8, "data":"00 5D 00 00 00 00 00 00 "}
2019-05-11T17:51:30.012224093Z, can0, {"id":"0x62a", "length":8, "data":"00 5D 00 00 00 00 00 00 "}
2019-05-11T17:51:30.012365877Z, can0, {"id":"0x62b", "length":8, "data":"00 00 00 00 00 00 04 B1 "}
2019-05-11T17:51:30.012569866Z, can0, {"id":"0x5f0", "length":8, "data":"00 53 09 5C 09 5C 0E 7E "}
2019-05-11T17:51:30.01294318Z, can0, {"id":"0x5f1", "length":8, "data":"00 6E 00 09 8C 8C 01 01 "}
2019-05-11T17:51:30.013108338Z, can0, {"id":"0x5f2", "length":8, "data":"03 AE 02 29 02 2B 03 7A "}
2019-05-11T17:51:30.013292703Z, can0, {"id":"0x5f3", "length":8, "data":"00 1E 00 86 00 81 00 81 "}
2019-05-11T17:51:30.013464444Z, can0, {"id":"0x5f4", "length":8, "data":"00 00 03 E8 03 E8 04 00 "}
2019-05-11T17:51:30.013629436Z, can0, {"id":"0x5f5", "length":8, "data":"00 6D 00 00 00 64 04 04 "}
2019-05-11T17:51:30.02685595Z, can0, {"id":"0x5f6", "length":8, "data":"00 72 02 AC 02 AC 00 00 "}
2019-05-11T17:51:30.027336758Z, can0, {"id":"0x5f7", "length":8, "data":"00 11 FF E8 FF C3 00 AD "}
2019-05-11T17:51:30.02753154Z, can0, {"id":"0x5f8", "length":8, "data":"00 00 02 29 00 64 00 00 "}
2019-05-11T17:51:30.027680907Z, can0, {"id":"0x5f9", "length":8, "data":"00 A6 00 A6 00 2F 00 00 "}
2019-05-11T17:51:30.027821233Z, can0, {"id":"0x5fa", "length":8, "data":"88 00 00 00 00 00 00 00 "}
2019-05-11T17:51:30.027957476Z, can0, {"id":"0x5fb", "length":8, "data":"00 00 02 29 00 00 02 2B "}
2019-05-11T17:51:30.02809601Z, can0, {"id":"0x5fc", "length":8, "data":"00 00 00 00 00 00 02 2B "}
2019-05-11T17:51:30.028233628Z, can0, {"id":"0x5fd", "length":8, "data":"00 00 00 00 00 00 00 00 "}
2019-05-11T17:51:30.028372621Z, can0, {"id":"0x5fe", "length":8, "data":"00 00 00 00 00 00 00 00 "}
2019-05-11T17:51:30.028535029Z, can0, {"id":"0x5ff", "length":8, "data":"00 03 00 4B 00 00 00 00 "}
2019-05-11T17:51:30.028720561Z, can0, {"id":"0x601", "length":8, "data":"00 00 00 00 00 00 00 00 "}
2019-05-11T17:51:30.039007021Z, can0, {"id":"0x602", "length":8, "data":"09 5C 09 5C 00 00 00 00 "}
2019-05-11T17:51:30.039283048Z, can0, {"id":"0x60a", "length":8, "data":"00 00 00 00 00 00 00 00 "}
2019-05-11T17:51:30.039578949Z, can0, {"id":"0x60b", "length":8, "data":"00 00 00 00 00 00 00 00 "}
2019-05-11T17:51:30.039729858Z, can0, {"id":"0x60c", "length":8, "data":"00 00 03 C6 02 29 02 29 "}
2019-05-11T17:51:30.039874392Z, can0, {"id":"0x60d", "length":8, "data":"00 64 00 64 00 00 00 00 "}
2019-05-11T17:51:30.04001401Z, can0, {"id":"0x61b", "length":8, "data":"02 02 00 00 00 00 00 25 "}
2019-05-11T17:51:30.040155419Z, can0, {"id":"0x61e", "length":8, "data":"00 00 00 00 00 00 00 00 "}
2019-05-11T17:51:30.04029212Z, can0, {"id":"0x61f", "length":8, "data":"00 00 00 00 00 00 00 00 "}
2019-05-11T17:51:30.04042828Z, can0, {"id":"0x623", "length":8, "data":"00 D3 D3 00 00 00 05 00 "}
2019-05-11T17:51:30.040584438Z, can0, {"id":"0x624", "length":8, "data":"00 00 00 00 00 00 00 00 "}
2019-05-11T17:51:30.040725681Z, can0, {"id":"0x627", "length":8, "data":"04 94 00 00 00 00 00 00 "}
2019-05-11T17:51:30.04086434Z, can0, {"id":"0x629", "length":8, "data":"00 5D 00 00 00 00 00 00 "}
2019-05-11T17:51:30.041004708Z, can0, {"id":"0x62a", "length":8, "data":"00 5D 00 00 00 00 00 00 "}
2019-05-11T17:51:30.041141826Z, can0, {"id":"0x62b", "length":8, "data":"00 00 00 00 00 00 04 B1 "}
2019-05-11T17:51:30.057277646Z, can0, {"id":"0x5f0", "length":8, "data":"00 53 09 56 09 56 0E 9E "}
2019-05-11T17:51:30.057810535Z, can0, {"id":"0x5f1", "length":8, "data":"00 6E 00 09 8C 8C 01 01 "}
2019-05-11T17:51:30.058153683Z, can0, {"id":"0x5f2", "length":8, "data":"03 AE 02 2F 02 2B 03 7B "}
2019-05-11T17:51:30.058566578Z, can0, {"id":"0x5f3", "length":8, "data":"00 1E 00 86 00 81 00 81 "}
2019-05-11T17:51:30.058724862Z, can0, {"id":"0x5f4", "length":8, "data":"00 00 03 E8 03 E8 04 00 "}
2019-05-11T17:51:30.058868813Z, can0, {"id":"0x5f5", "length":8, "data":"00 6D 00 00 00 64 04 04 "}
2019-05-11T17:51:30.05911205Z, can0, {"id":"0x5f6", "length":8, "data":"00 72 02 B6 02 B6 00 00 "}
2019-05-11T17:51:30.059269292Z, can0, {"id":"0x5f7", "length":8, "data":"00 11 FF E4 00 24 00 B0 "}
2019-05-11T17:51:30.059414159Z, can0, {"id":"0x5f8", "length":8, "data":"00 00 02 2F 00 64 00 00 "}
2019-05-11T17:51:30.059554568Z, can0, {"id":"0x5f9", "length":8, "data":"00 9D 00 9D 00 2F 00 00 "}
2019-05-11T17:51:30.059692478Z, can0, {"id":"0x5fa", "length":8, "data":"88 00 00 00 00 00 00 00 "}
2019-05-11T17:51:30.059833512Z, can0, {"id":"0x5fb", "length":8, "data":"00 00 02 2F 00 00 02 2B "}
2019-05-11T17:51:30.059973921Z, can0, {"id":"0x5fc", "length":8, "data":"00 00 00 00 00 00 02 2B "}
2019-05-11T17:51:30.060130413Z, can0, {"id":"0x5fd", "length":8, "data":"00 00 00 00 00 00 00 00 "}
2019-05-11T17:51:30.060284322Z, can0, {"id":"0x5fe", "length":8, "data":"00 00 00 00 00 00 00 00 "}
2019-05-11T17:51:30.060423606Z, can0, {"id":"0x5ff", "length":8, "data":"00 03 00 4B 00 00 00 00 "}
2019-05-11T17:51:30.060608096Z, can0, {"id":"0x601", "length":8, "data":"00 00 00 00 00 00 00 00 "}
2019-05-11T17:51:30.060761713Z, can0, {"id":"0x602", "length":8, "data":"09 56 09 56 00 00 00 00 "}
2019-05-11T17:51:30.060913622Z, can0, {"id":"0x60a", "length":8, "data":"00 00 00 00 00 00 00 00 "}
2019-05-11T17:51:30.061054073Z, can0, {"id":"0x60b", "length":8, "data":"00 00 00 00 00 00 00 00 "}
2019-05-11T17:51:30.061191149Z, can0, {"id":"0x60c", "length":8, "data":"00 00 03 C6 02 2F 02 2F "}
2019-05-11T17:51:30.061326725Z, can0, {"id":"0x60d", "length":8, "data":"00 64 00 64 00 00 00 00 "}
2019-05-11T17:51:30.061465051Z, can0, {"id":"0x61b", "length":8, "data":"02 02 00 00 00 00 00 24 "}
2019-05-11T17:51:30.061599836Z, can0, {"id":"0x61e", "length":8, "data":"00 00 00 00 00 00 00 00 "}
2019-05-11T17:51:30.061775618Z, can0, {"id":"0x61f", "length":8, "data":"00 00 00 00 00 00 00 00 "}
2019-05-11T17:51:30.061921861Z, can0, {"id":"0x623", "length":8, "data":"00 D3 D3 00 00 00 04 00 "}
2019-05-11T17:51:30.06205927Z, can0, {"id":"0x624", "length":8, "data":"00 00 00 00 00 00 00 00 "}
2019-05-11T17:51:30.075691222Z, can0, {"id":"0x627", "length":8, "data":"04 73 00 00 00 00 00 00 "}
2019-05-11T17:51:30.076107908Z, can0, {"id":"0x629", "length":8, "data":"00 5D 00 00 00 00 00 00 "}
2019-05-11T17:51:30.087649136Z, can0, {"id":"0x62a", "length":8, "data":"00 5D 00 00 00 00 00 00 "}
2019-05-11T17:51:30.087850126Z, can0, {"id":"0x62b", "length":8, "data":"00 00 00 00 00 00 04 B1 "}
2019-05-11T17:51:30.088005659Z, can0, {"id":"0x5f0", "length":8, "data":"00 53 09 78 09 78 0E 94 "}
2019-05-11T17:51:30.088148902Z, can0, {"id":"0x5f1", "length":8, "data":"00 6E 00 09 8C 8C 01 01 "}
2019-05-11T17:51:30.088408346Z, can0, {"id":"0x5f2", "length":8, "data":"03 AE 02 26 02 2B 03 7B "}
2019-05-11T17:51:30.088629501Z, can0, {"id":"0x5f3", "length":8, "data":"00 1E 00 86 00 81 00 81 "}
2019-05-11T17:51:30.088782827Z, can0, {"id":"0x5f4", "length":8, "data":"00 00 03 E8 03 E8 04 00 "}
2019-05-11T17:51:30.088928111Z, can0, {"id":"0x5f5", "length":8, "data":"00 6D 00 00 00 64 04 04 "}
2019-05-11T17:51:30.08906502Z, can0, {"id":"0x5f6", "length":8, "data":"00 72 02 B0 02 B0 00 00 "}
2019-05-11T17:51:30.089223845Z, can0, {"id":"0x5f7", "length":8, "data":"00 11 FF F2 FF C9 00 B2 "}
2019-05-11T17:51:30.089532829Z, can0, {"id":"0x5f8", "length":8, "data":"00 00 02 26 00 64 00 00 "}
